[0.000000] (-) TimerEvent: {}
[0.000045] (mobile_robot) JobQueued: {'identifier': 'mobile_robot', 'dependencies': OrderedDict()}
[0.000066] (mobile_robot) JobStarted: {'identifier': 'mobile_robot'}
[0.006920] (mobile_robot) JobProgress: {'identifier': 'mobile_robot', 'progress': 'cmake'}
[0.007385] (mobile_robot) JobProgress: {'identifier': 'mobile_robot', 'progress': 'build'}
[0.007722] (mobile_robot) Command: {'cmd': ['/usr/bin/cmake', '--build', '/home/yalcinolgac/mobile_robot_ws/build/mobile_robot', '--', '-j32', '-l32'], 'cwd': '/home/yalcinolgac/mobile_robot_ws/build/mobile_robot', 'env': OrderedDict({'USER': 'yalcinolgac', 'GZ_CONFIG_PATH': '/opt/ros/jazzy/opt/gz_sim_vendor/share/gz:/opt/ros/jazzy/opt/sdformat_vendor/share/gz:/opt/ros/jazzy/opt/gz_gui_vendor/share/gz:/opt/ros/jazzy/opt/gz_transport_vendor/share/gz:/opt/ros/jazzy/opt/gz_rendering_vendor/share/gz:/opt/ros/jazzy/opt/gz_plugin_vendor/share/gz:/opt/ros/jazzy/opt/gz_fuel_tools_vendor/share/gz:/opt/ros/jazzy/opt/gz_msgs_vendor/share/gz:/opt/ros/jazzy/opt/gz_common_vendor/share/gz', 'SHLVL': '0', 'LD_LIBRARY_PATH': '/opt/ros/jazzy/opt/gz_sim_vendor/lib:/opt/ros/jazzy/opt/gz_sensors_vendor/lib:/opt/ros/jazzy/opt/gz_physics_vendor/lib:/opt/ros/jazzy/opt/sdformat_vendor/lib:/opt/ros/jazzy/opt/rviz_ogre_vendor/lib:/opt/ros/jazzy/lib/x86_64-linux-gnu:/opt/ros/jazzy/opt/gz_gui_vendor/lib:/opt/ros/jazzy/opt/gz_transport_vendor/lib:/opt/ros/jazzy/opt/gz_rendering_vendor/lib:/opt/ros/jazzy/opt/gz_plugin_vendor/lib:/opt/ros/jazzy/opt/gz_fuel_tools_vendor/lib:/opt/ros/jazzy/opt/gz_msgs_vendor/lib:/opt/ros/jazzy/opt/gz_common_vendor/lib:/opt/ros/jazzy/opt/gz_math_vendor/lib:/opt/ros/jazzy/opt/gz_utils_vendor/lib:/opt/ros/jazzy/opt/gz_tools_vendor/lib:/opt/ros/jazzy/opt/gz_ogre_next_vendor/lib:/opt/ros/jazzy/opt/gz_dartsim_vendor/lib:/opt/ros/jazzy/opt/gz_cmake_vendor/lib:/opt/ros/jazzy/lib', 'HOME': '/home/yalcinolgac', 'OLDPWD': '/home/yalcinolgac/mobile_robot_ws', 'ROS_PYTHON_VERSION': '3', 'DBUS_SESSION_BUS_ADDRESS': 'unix:path=/run/user/1000/bus', 'WSL_DISTRO_NAME': 'Ubuntu-24.04', 'WAYLAND_DISPLAY': 'wayland-0', 'ROS_DISTRO': 'jazzy', 'LOGNAME': 'yalcinolgac', 'NAME': 'yalcinolgac', 'WSL_INTEROP': '/run/WSL/30182_interop', 'PULSE_SERVER': 'unix:/mnt/wslg/PulseServer', '_': '/usr/bin/colcon', 'ROS_VERSION': '2', 'TERM': 'xterm-256color', 'PATH': '/opt/ros/jazzy/opt/gz_msgs_vendor/bin:/opt/ros/jazzy/opt/gz_tools_vendor/bin:/opt/ros/jazzy/opt/gz_ogre_next_vendor/bin:/opt/ros/jazzy/bin:/usr/local/sbin:/usr/local/bin:/usr/sbin:/usr/bin:/sbin:/bin:/usr/games:/usr/local/games:/usr/lib/wsl/lib', 'XDG_RUNTIME_DIR': '/run/user/1000/', 'DISPLAY': ':0', 'LANG': 'en_US.UTF-8', 'AMENT_PREFIX_PATH': '/opt/ros/jazzy', 'SHELL': '/bin/bash', 'IGN_GAZEBO_RESOURCE_PATH': '/opt/ros/jazzy/share', 'ROS_AUTOMATIC_DISCOVERY_RANGE': 'SUBNET', 'PWD': '/home/yalcinolgac/mobile_robot_ws/build/mobile_robot', 'PYTHONPATH': '/opt/ros/jazzy/lib/python3.12/site-packages', 'COLCON': '1', 'WSL2_GUI_APPS_ENABLED': '1', 'HOSTTYPE': 'x86_64', 'CMAKE_PREFIX_PATH': '/opt/ros/jazzy/opt/gz_sim_vendor:/opt/ros/jazzy/opt/gz_sensors_vendor:/opt/ros/jazzy/opt/gz_physics_vendor:/opt/ros/jazzy/opt/sdformat_vendor:/opt/ros/jazzy/opt/gz_gui_vendor:/opt/ros/jazzy/opt/gz_transport_vendor:/opt/ros/jazzy/opt/gz_rendering_vendor:/opt/ros/jazzy/opt/gz_plugin_vendor:/opt/ros/jazzy/opt/gz_fuel_tools_vendor:/opt/ros/jazzy/opt/gz_msgs_vendor:/opt/ros/jazzy/opt/gz_common_vendor:/opt/ros/jazzy/opt/gz_math_vendor:/opt/ros/jazzy/opt/gz_utils_vendor:/opt/ros/jazzy/opt/gz_tools_vendor:/opt/ros/jazzy/opt/gz_ogre_next_vendor:/opt/ros/jazzy/opt/gz_dartsim_vendor:/opt/ros/jazzy/opt/gz_cmake_vendor:/opt/ros/jazzy', 'WSLENV': ''}), 'shell': False}
[0.042044] (mobile_robot) StdoutLine: {'line': b'[ 33%] Built target teleop_keyboard\n'}
[0.043086] (mobile_robot) StdoutLine: {'line': b'[100%] Built target tray_controller\n'}
[0.043371] (mobile_robot) StdoutLine: {'line': b'[100%] Built target mobile_robot_controller\n'}
[0.049573] (mobile_robot) CommandEnded: {'returncode': 0}
[0.049971] (mobile_robot) JobProgress: {'identifier': 'mobile_robot', 'progress': 'install'}
[0.055187] (mobile_robot) Command: {'cmd': ['/usr/bin/cmake', '--install', '/home/yalcinolgac/mobile_robot_ws/build/mobile_robot'], 'cwd': '/home/yalcinolgac/mobile_robot_ws/build/mobile_robot', 'env': OrderedDict({'USER': 'yalcinolgac', 'GZ_CONFIG_PATH': '/opt/ros/jazzy/opt/gz_sim_vendor/share/gz:/opt/ros/jazzy/opt/sdformat_vendor/share/gz:/opt/ros/jazzy/opt/gz_gui_vendor/share/gz:/opt/ros/jazzy/opt/gz_transport_vendor/share/gz:/opt/ros/jazzy/opt/gz_rendering_vendor/share/gz:/opt/ros/jazzy/opt/gz_plugin_vendor/share/gz:/opt/ros/jazzy/opt/gz_fuel_tools_vendor/share/gz:/opt/ros/jazzy/opt/gz_msgs_vendor/share/gz:/opt/ros/jazzy/opt/gz_common_vendor/share/gz', 'SHLVL': '0', 'LD_LIBRARY_PATH': '/opt/ros/jazzy/opt/gz_sim_vendor/lib:/opt/ros/jazzy/opt/gz_sensors_vendor/lib:/opt/ros/jazzy/opt/gz_physics_vendor/lib:/opt/ros/jazzy/opt/sdformat_vendor/lib:/opt/ros/jazzy/opt/rviz_ogre_vendor/lib:/opt/ros/jazzy/lib/x86_64-linux-gnu:/opt/ros/jazzy/opt/gz_gui_vendor/lib:/opt/ros/jazzy/opt/gz_transport_vendor/lib:/opt/ros/jazzy/opt/gz_rendering_vendor/lib:/opt/ros/jazzy/opt/gz_plugin_vendor/lib:/opt/ros/jazzy/opt/gz_fuel_tools_vendor/lib:/opt/ros/jazzy/opt/gz_msgs_vendor/lib:/opt/ros/jazzy/opt/gz_common_vendor/lib:/opt/ros/jazzy/opt/gz_math_vendor/lib:/opt/ros/jazzy/opt/gz_utils_vendor/lib:/opt/ros/jazzy/opt/gz_tools_vendor/lib:/opt/ros/jazzy/opt/gz_ogre_next_vendor/lib:/opt/ros/jazzy/opt/gz_dartsim_vendor/lib:/opt/ros/jazzy/opt/gz_cmake_vendor/lib:/opt/ros/jazzy/lib', 'HOME': '/home/yalcinolgac', 'OLDPWD': '/home/yalcinolgac/mobile_robot_ws', 'ROS_PYTHON_VERSION': '3', 'DBUS_SESSION_BUS_ADDRESS': 'unix:path=/run/user/1000/bus', 'WSL_DISTRO_NAME': 'Ubuntu-24.04', 'WAYLAND_DISPLAY': 'wayland-0', 'ROS_DISTRO': 'jazzy', 'LOGNAME': 'yalcinolgac', 'NAME': 'yalcinolgac', 'WSL_INTEROP': '/run/WSL/30182_interop', 'PULSE_SERVER': 'unix:/mnt/wslg/PulseServer', '_': '/usr/bin/colcon', 'ROS_VERSION': '2', 'TERM': 'xterm-256color', 'PATH': '/opt/ros/jazzy/opt/gz_msgs_vendor/bin:/opt/ros/jazzy/opt/gz_tools_vendor/bin:/opt/ros/jazzy/opt/gz_ogre_next_vendor/bin:/opt/ros/jazzy/bin:/usr/local/sbin:/usr/local/bin:/usr/sbin:/usr/bin:/sbin:/bin:/usr/games:/usr/local/games:/usr/lib/wsl/lib', 'XDG_RUNTIME_DIR': '/run/user/1000/', 'DISPLAY': ':0', 'LANG': 'en_US.UTF-8', 'AMENT_PREFIX_PATH': '/opt/ros/jazzy', 'SHELL': '/bin/bash', 'IGN_GAZEBO_RESOURCE_PATH': '/opt/ros/jazzy/share', 'ROS_AUTOMATIC_DISCOVERY_RANGE': 'SUBNET', 'PWD': '/home/yalcinolgac/mobile_robot_ws/build/mobile_robot', 'PYTHONPATH': '/opt/ros/jazzy/lib/python3.12/site-packages', 'COLCON': '1', 'WSL2_GUI_APPS_ENABLED': '1', 'HOSTTYPE': 'x86_64', 'CMAKE_PREFIX_PATH': '/opt/ros/jazzy/opt/gz_sim_vendor:/opt/ros/jazzy/opt/gz_sensors_vendor:/opt/ros/jazzy/opt/gz_physics_vendor:/opt/ros/jazzy/opt/sdformat_vendor:/opt/ros/jazzy/opt/gz_gui_vendor:/opt/ros/jazzy/opt/gz_transport_vendor:/opt/ros/jazzy/opt/gz_rendering_vendor:/opt/ros/jazzy/opt/gz_plugin_vendor:/opt/ros/jazzy/opt/gz_fuel_tools_vendor:/opt/ros/jazzy/opt/gz_msgs_vendor:/opt/ros/jazzy/opt/gz_common_vendor:/opt/ros/jazzy/opt/gz_math_vendor:/opt/ros/jazzy/opt/gz_utils_vendor:/opt/ros/jazzy/opt/gz_tools_vendor:/opt/ros/jazzy/opt/gz_ogre_next_vendor:/opt/ros/jazzy/opt/gz_dartsim_vendor:/opt/ros/jazzy/opt/gz_cmake_vendor:/opt/ros/jazzy', 'WSLENV': ''}), 'shell': False}
[0.059669] (mobile_robot) StdoutLine: {'line': b'-- Install configuration: ""\n'}
[0.059761] (mobile_robot) StdoutLine: {'line': b'-- Up-to-date: /home/yalcinolgac/mobile_robot_ws/install/mobile_robot/lib/mobile_robot/mobile_robot_controller\n'}
[0.059905] (mobile_robot) StdoutLine: {'line': b'-- Up-to-date: /home/yalcinolgac/mobile_robot_ws/install/mobile_robot/lib/mobile_robot/teleop_keyboard\n'}
[0.060013] (mobile_robot) StdoutLine: {'line': b'-- Up-to-date: /home/yalcinolgac/mobile_robot_ws/install/mobile_robot/lib/mobile_robot/tray_controller\n'}
[0.060120] (mobile_robot) StdoutLine: {'line': b'-- Up-to-date: /home/yalcinolgac/mobile_robot_ws/install/mobile_robot/share/mobile_robot//config\n'}
[0.060240] (mobile_robot) StdoutLine: {'line': b'-- Up-to-date: /home/yalcinolgac/mobile_robot_ws/install/mobile_robot/share/mobile_robot//config/joint_names_mobile_robot.yaml\n'}
[0.060276] (mobile_robot) StdoutLine: {'line': b'-- Up-to-date: /home/yalcinolgac/mobile_robot_ws/install/mobile_robot/share/mobile_robot//config/mobile_robot.rviz\n'}
[0.060302] (mobile_robot) StdoutLine: {'line': b'-- Up-to-date: /home/yalcinolgac/mobile_robot_ws/install/mobile_robot/share/mobile_robot//launch\n'}
[0.060327] (mobile_robot) StdoutLine: {'line': b'-- Up-to-date: /home/yalcinolgac/mobile_robot_ws/install/mobile_robot/share/mobile_robot//launch/gazebo.launch\n'}
[0.060352] (mobile_robot) StdoutLine: {'line': b'-- Up-to-date: /home/yalcinolgac/mobile_robot_ws/install/mobile_robot/share/mobile_robot//launch/gazebo.launch.py\n'}
[0.060377] (mobile_robot) StdoutLine: {'line': b'-- Up-to-date: /home/yalcinolgac/mobile_robot_ws/install/mobile_robot/share/mobile_robot//launch/display.launch.py\n'}
[0.060403] (mobile_robot) StdoutLine: {'line': b'-- Installing: /home/yalcinolgac/mobile_robot_ws/install/mobile_robot/share/mobile_robot//launch/manual_control.launch.py\n'}
[0.060725] (mobile_robot) StdoutLine: {'line': b'-- Up-to-date: /home/yalcinolgac/mobile_robot_ws/install/mobile_robot/share/mobile_robot//launch/display.launch\n'}
[0.061280] (mobile_robot) StdoutLine: {'line': b'-- Up-to-date: /home/yalcinolgac/mobile_robot_ws/install/mobile_robot/share/mobile_robot//meshes\n'}
[0.061316] (mobile_robot) StdoutLine: {'line': b'-- Up-to-date: /home/yalcinolgac/mobile_robot_ws/install/mobile_robot/share/mobile_robot//meshes/outerBodyLink.STL\n'}
[0.061343] (mobile_robot) StdoutLine: {'line': b'-- Up-to-date: /home/yalcinolgac/mobile_robot_ws/install/mobile_robot/share/mobile_robot//meshes/palet.STL\n'}
[0.061369] (mobile_robot) StdoutLine: {'line': b'-- Up-to-date: /home/yalcinolgac/mobile_robot_ws/install/mobile_robot/share/mobile_robot//meshes/leftWheeltLink.STL\n'}
[0.061394] (mobile_robot) StdoutLine: {'line': b'-- Up-to-date: /home/yalcinolgac/mobile_robot_ws/install/mobile_robot/share/mobile_robot//meshes/trayLink.STL\n'}
[0.061418] (mobile_robot) StdoutLine: {'line': b'-- Up-to-date: /home/yalcinolgac/mobile_robot_ws/install/mobile_robot/share/mobile_robot//meshes/aktarici.STL\n'}
[0.061443] (mobile_robot) StdoutLine: {'line': b'-- Up-to-date: /home/yalcinolgac/mobile_robot_ws/install/mobile_robot/share/mobile_robot//meshes/base_link.STL\n'}
[0.061467] (mobile_robot) StdoutLine: {'line': b'-- Up-to-date: /home/yalcinolgac/mobile_robot_ws/install/mobile_robot/share/mobile_robot//meshes/backCasterLink.STL\n'}
[0.061490] (mobile_robot) StdoutLine: {'line': b'-- Up-to-date: /home/yalcinolgac/mobile_robot_ws/install/mobile_robot/share/mobile_robot//meshes/rightWheelLink.STL\n'}
[0.061513] (mobile_robot) StdoutLine: {'line': b'-- Up-to-date: /home/yalcinolgac/mobile_robot_ws/install/mobile_robot/share/mobile_robot//meshes/frontCasterLink.STL\n'}
[0.061562] (mobile_robot) StdoutLine: {'line': b'-- Up-to-date: /home/yalcinolgac/mobile_robot_ws/install/mobile_robot/share/mobile_robot//urdf\n'}
[0.061591] (mobile_robot) StdoutLine: {'line': b'-- Up-to-date: /home/yalcinolgac/mobile_robot_ws/install/mobile_robot/share/mobile_robot//urdf/mobile_robot.urdf\n'}
[0.061616] (mobile_robot) StdoutLine: {'line': b'-- Up-to-date: /home/yalcinolgac/mobile_robot_ws/install/mobile_robot/share/mobile_robot//urdf/mobile_robot.sdf\n'}
[0.061640] (mobile_robot) StdoutLine: {'line': b'-- Up-to-date: /home/yalcinolgac/mobile_robot_ws/install/mobile_robot/share/mobile_robot//urdf/mobile_robot.csv\n'}
[0.061776] (mobile_robot) StdoutLine: {'line': b'-- Up-to-date: /home/yalcinolgac/mobile_robot_ws/install/mobile_robot/share/ament_index/resource_index/package_run_dependencies/mobile_robot\n'}
[0.061932] (mobile_robot) StdoutLine: {'line': b'-- Up-to-date: /home/yalcinolgac/mobile_robot_ws/install/mobile_robot/share/ament_index/resource_index/parent_prefix_path/mobile_robot\n'}
[0.062005] (mobile_robot) StdoutLine: {'line': b'-- Up-to-date: /home/yalcinolgac/mobile_robot_ws/install/mobile_robot/share/mobile_robot/environment/ament_prefix_path.sh\n'}
[0.062076] (mobile_robot) StdoutLine: {'line': b'-- Up-to-date: /home/yalcinolgac/mobile_robot_ws/install/mobile_robot/share/mobile_robot/environment/ament_prefix_path.dsv\n'}
[0.062166] (mobile_robot) StdoutLine: {'line': b'-- Up-to-date: /home/yalcinolgac/mobile_robot_ws/install/mobile_robot/share/mobile_robot/environment/path.sh\n'}
[0.062197] (mobile_robot) StdoutLine: {'line': b'-- Up-to-date: /home/yalcinolgac/mobile_robot_ws/install/mobile_robot/share/mobile_robot/environment/path.dsv\n'}
[0.062229] (mobile_robot) StdoutLine: {'line': b'-- Up-to-date: /home/yalcinolgac/mobile_robot_ws/install/mobile_robot/share/mobile_robot/local_setup.bash\n'}
[0.062254] (mobile_robot) StdoutLine: {'line': b'-- Up-to-date: /home/yalcinolgac/mobile_robot_ws/install/mobile_robot/share/mobile_robot/local_setup.sh\n'}
[0.062279] (mobile_robot) StdoutLine: {'line': b'-- Up-to-date: /home/yalcinolgac/mobile_robot_ws/install/mobile_robot/share/mobile_robot/local_setup.zsh\n'}
[0.062303] (mobile_robot) StdoutLine: {'line': b'-- Up-to-date: /home/yalcinolgac/mobile_robot_ws/install/mobile_robot/share/mobile_robot/local_setup.dsv\n'}
[0.062409] (mobile_robot) StdoutLine: {'line': b'-- Installing: /home/yalcinolgac/mobile_robot_ws/install/mobile_robot/share/mobile_robot/package.dsv\n'}
[0.062490] (mobile_robot) StdoutLine: {'line': b'-- Up-to-date: /home/yalcinolgac/mobile_robot_ws/install/mobile_robot/share/ament_index/resource_index/packages/mobile_robot\n'}
[0.062568] (mobile_robot) StdoutLine: {'line': b'-- Up-to-date: /home/yalcinolgac/mobile_robot_ws/install/mobile_robot/share/mobile_robot/cmake/mobile_robotConfig.cmake\n'}
[0.062646] (mobile_robot) StdoutLine: {'line': b'-- Up-to-date: /home/yalcinolgac/mobile_robot_ws/install/mobile_robot/share/mobile_robot/cmake/mobile_robotConfig-version.cmake\n'}
[0.062718] (mobile_robot) StdoutLine: {'line': b'-- Up-to-date: /home/yalcinolgac/mobile_robot_ws/install/mobile_robot/share/mobile_robot/package.xml\n'}
[0.062925] (mobile_robot) CommandEnded: {'returncode': 0}
[0.069784] (mobile_robot) JobEnded: {'identifier': 'mobile_robot', 'rc': 0}
[0.070197] (-) EventReactorShutdown: {}
