[0.013s] Invoking command in '/home/yalcinolgac/mobile_robot_ws/build/mobile_robot': CMAKE_PREFIX_PATH=${CMAKE_PREFIX_PATH}:/opt/ros/jazzy DEBUGINFOD_URLS=https://debuginfod.ubuntu.com /usr/bin/cmake --build /home/yalcinolgac/mobile_robot_ws/build/mobile_robot -- -j32 -l32
[0.064s] -- Found ament_cmake: 2.5.4 (/opt/ros/jazzy/share/ament_cmake/cmake)
[0.213s] -- Found ament_lint_auto: 0.17.2 (/opt/ros/jazzy/share/ament_lint_auto/cmake)
[0.281s] -- Added test 'copyright' to check source files copyright and LICENSE
[0.284s] -- Added test 'flake8' to check Python code syntax and style conventions
[0.284s] -- Configured 'flake8' exclude dirs and/or files: 
[0.284s] -- Added test 'lint_cmake' to check CMake code style
[0.285s] -- Added test 'pep257' to check Python code against some of the docstring style conventions in PEP 257
[0.286s] -- Added test 'xmllint' to check XML markup files
[0.287s] -- Configuring done (0.2s)
[0.294s] -- Generating done (0.0s)
[0.296s] -- Build files have been written to: /home/yalcinolgac/mobile_robot_ws/build/mobile_robot
[0.314s] Invoked command in '/home/yalcinolgac/mobile_robot_ws/build/mobile_robot' returned '0': CMAKE_PREFIX_PATH=${CMAKE_PREFIX_PATH}:/opt/ros/jazzy DEBUGINFOD_URLS=https://debuginfod.ubuntu.com /usr/bin/cmake --build /home/yalcinolgac/mobile_robot_ws/build/mobile_robot -- -j32 -l32
[0.320s] Invoking command in '/home/yalcinolgac/mobile_robot_ws/build/mobile_robot': CMAKE_PREFIX_PATH=${CMAKE_PREFIX_PATH}:/opt/ros/jazzy DEBUGINFOD_URLS=https://debuginfod.ubuntu.com /usr/bin/cmake --install /home/yalcinolgac/mobile_robot_ws/build/mobile_robot
[0.325s] -- Install configuration: ""
[0.325s] -- Up-to-date: /home/yalcinolgac/mobile_robot_ws/install/mobile_robot/share/mobile_robot//config
[0.325s] -- Up-to-date: /home/yalcinolgac/mobile_robot_ws/install/mobile_robot/share/mobile_robot//config/joint_names_mobile_robot.yaml
[0.325s] -- Up-to-date: /home/yalcinolgac/mobile_robot_ws/install/mobile_robot/share/mobile_robot//config/mobile_robot.rviz
[0.325s] -- Up-to-date: /home/yalcinolgac/mobile_robot_ws/install/mobile_robot/share/mobile_robot//launch
[0.325s] -- Up-to-date: /home/yalcinolgac/mobile_robot_ws/install/mobile_robot/share/mobile_robot//launch/gazebo.launch
[0.325s] -- Installing: /home/yalcinolgac/mobile_robot_ws/install/mobile_robot/share/mobile_robot//launch/gazebo.launch.py
[0.326s] -- Up-to-date: /home/yalcinolgac/mobile_robot_ws/install/mobile_robot/share/mobile_robot//launch/display.launch.py
[0.326s] -- Up-to-date: /home/yalcinolgac/mobile_robot_ws/install/mobile_robot/share/mobile_robot//launch/display.launch
[0.326s] -- Up-to-date: /home/yalcinolgac/mobile_robot_ws/install/mobile_robot/share/mobile_robot//meshes
[0.326s] -- Up-to-date: /home/yalcinolgac/mobile_robot_ws/install/mobile_robot/share/mobile_robot//meshes/outerBodyLink.STL
[0.326s] -- Up-to-date: /home/yalcinolgac/mobile_robot_ws/install/mobile_robot/share/mobile_robot//meshes/palet.STL
[0.326s] -- Up-to-date: /home/yalcinolgac/mobile_robot_ws/install/mobile_robot/share/mobile_robot//meshes/leftWheeltLink.STL
[0.326s] -- Up-to-date: /home/yalcinolgac/mobile_robot_ws/install/mobile_robot/share/mobile_robot//meshes/trayLink.STL
[0.326s] -- Up-to-date: /home/yalcinolgac/mobile_robot_ws/install/mobile_robot/share/mobile_robot//meshes/aktarici.STL
[0.326s] -- Up-to-date: /home/yalcinolgac/mobile_robot_ws/install/mobile_robot/share/mobile_robot//meshes/base_link.STL
[0.326s] -- Up-to-date: /home/yalcinolgac/mobile_robot_ws/install/mobile_robot/share/mobile_robot//meshes/backCasterLink.STL
[0.326s] -- Up-to-date: /home/yalcinolgac/mobile_robot_ws/install/mobile_robot/share/mobile_robot//meshes/rightWheelLink.STL
[0.327s] -- Up-to-date: /home/yalcinolgac/mobile_robot_ws/install/mobile_robot/share/mobile_robot//meshes/frontCasterLink.STL
[0.327s] -- Up-to-date: /home/yalcinolgac/mobile_robot_ws/install/mobile_robot/share/mobile_robot//urdf
[0.327s] -- Up-to-date: /home/yalcinolgac/mobile_robot_ws/install/mobile_robot/share/mobile_robot//urdf/mobile_robot.urdf
[0.327s] -- Up-to-date: /home/yalcinolgac/mobile_robot_ws/install/mobile_robot/share/mobile_robot//urdf/mobile_robot.sdf
[0.327s] -- Up-to-date: /home/yalcinolgac/mobile_robot_ws/install/mobile_robot/share/mobile_robot//urdf/mobile_robot.csv
[0.327s] -- Installing: /home/yalcinolgac/mobile_robot_ws/install/mobile_robot/share/ament_index/resource_index/package_run_dependencies/mobile_robot
[0.327s] -- Installing: /home/yalcinolgac/mobile_robot_ws/install/mobile_robot/share/ament_index/resource_index/parent_prefix_path/mobile_robot
[0.327s] -- Up-to-date: /home/yalcinolgac/mobile_robot_ws/install/mobile_robot/share/mobile_robot/environment/ament_prefix_path.sh
[0.327s] -- Up-to-date: /home/yalcinolgac/mobile_robot_ws/install/mobile_robot/share/mobile_robot/environment/ament_prefix_path.dsv
[0.327s] -- Up-to-date: /home/yalcinolgac/mobile_robot_ws/install/mobile_robot/share/mobile_robot/environment/path.sh
[0.327s] -- Up-to-date: /home/yalcinolgac/mobile_robot_ws/install/mobile_robot/share/mobile_robot/environment/path.dsv
[0.327s] -- Up-to-date: /home/yalcinolgac/mobile_robot_ws/install/mobile_robot/share/mobile_robot/local_setup.bash
[0.327s] -- Up-to-date: /home/yalcinolgac/mobile_robot_ws/install/mobile_robot/share/mobile_robot/local_setup.sh
[0.327s] -- Up-to-date: /home/yalcinolgac/mobile_robot_ws/install/mobile_robot/share/mobile_robot/local_setup.zsh
[0.328s] -- Up-to-date: /home/yalcinolgac/mobile_robot_ws/install/mobile_robot/share/mobile_robot/local_setup.dsv
[0.328s] -- Installing: /home/yalcinolgac/mobile_robot_ws/install/mobile_robot/share/mobile_robot/package.dsv
[0.328s] -- Up-to-date: /home/yalcinolgac/mobile_robot_ws/install/mobile_robot/share/ament_index/resource_index/packages/mobile_robot
[0.329s] -- Up-to-date: /home/yalcinolgac/mobile_robot_ws/install/mobile_robot/share/mobile_robot/cmake/mobile_robotConfig.cmake
[0.329s] -- Up-to-date: /home/yalcinolgac/mobile_robot_ws/install/mobile_robot/share/mobile_robot/cmake/mobile_robotConfig-version.cmake
[0.329s] -- Installing: /home/yalcinolgac/mobile_robot_ws/install/mobile_robot/share/mobile_robot/package.xml
[0.330s] Invoked command in '/home/yalcinolgac/mobile_robot_ws/build/mobile_robot' returned '0': CMAKE_PREFIX_PATH=${CMAKE_PREFIX_PATH}:/opt/ros/jazzy DEBUGINFOD_URLS=https://debuginfod.ubuntu.com /usr/bin/cmake --install /home/yalcinolgac/mobile_robot_ws/build/mobile_robot
