[0.000000] (-) TimerEvent: {}
[0.000046] (mobile_robot) JobQueued: {'identifier': 'mobile_robot', 'dependencies': OrderedDict()}
[0.000072] (mobile_robot) JobStarted: {'identifier': 'mobile_robot'}
[0.002980] (mobile_robot) JobProgress: {'identifier': 'mobile_robot', 'progress': 'cmake'}
[0.003950] (mobile_robot) JobProgress: {'identifier': 'mobile_robot', 'progress': 'build'}
[0.003963] (mobile_robot) Command: {'cmd': ['/usr/bin/cmake', '--build', '/home/yalcinolgac/mobile_robot_ws/build/mobile_robot', '--', '-j32', '-l32'], 'cwd': '/home/yalcinolgac/mobile_robot_ws/build/mobile_robot', 'env': OrderedDict({'USER': 'yalcinolgac', 'SHLVL': '0', 'HOME': '/home/yalcinolgac', 'DBUS_SESSION_BUS_ADDRESS': 'unix:path=/run/user/1000/bus', 'WSL_DISTRO_NAME': 'Ubuntu-24.04', 'WAYLAND_DISPLAY': 'wayland-0', 'LOGNAME': 'yalcinolgac', 'NAME': 'yalcinolgac', 'WSL_INTEROP': '/run/WSL/13907_interop', 'PULSE_SERVER': 'unix:/mnt/wslg/PulseServer', '_': '/usr/bin/colcon', 'TERM': 'xterm-256color', 'PATH': '/usr/local/sbin:/usr/local/bin:/usr/sbin:/usr/bin:/sbin:/bin:/usr/games:/usr/local/games:/usr/lib/wsl/lib', 'XDG_RUNTIME_DIR': '/run/user/1000/', 'DISPLAY': ':0', 'LANG': 'en_US.UTF-8', 'SHELL': '/bin/bash', 'PWD': '/home/yalcinolgac/mobile_robot_ws/build/mobile_robot', 'COLCON': '1', 'WSL2_GUI_APPS_ENABLED': '1', 'HOSTTYPE': 'x86_64', 'WSLENV': ''}), 'shell': False}
[0.036967] (mobile_robot) StdoutLine: {'line': b'[ 25%] Built target mobile_robot_controller\n'}
[0.037147] (mobile_robot) StdoutLine: {'line': b'[ 50%] Built target teleop_keyboard\n'}
[0.038127] (mobile_robot) StdoutLine: {'line': b'[ 75%] Built target tray_controller\n'}
[0.039241] (mobile_robot) StdoutLine: {'line': b'[100%] Built target tray_joint_relay\n'}
[0.044539] (mobile_robot) CommandEnded: {'returncode': 0}
[0.044715] (mobile_robot) JobProgress: {'identifier': 'mobile_robot', 'progress': 'install'}
[0.049088] (mobile_robot) Command: {'cmd': ['/usr/bin/cmake', '--install', '/home/yalcinolgac/mobile_robot_ws/build/mobile_robot'], 'cwd': '/home/yalcinolgac/mobile_robot_ws/build/mobile_robot', 'env': OrderedDict({'USER': 'yalcinolgac', 'SHLVL': '0', 'HOME': '/home/yalcinolgac', 'DBUS_SESSION_BUS_ADDRESS': 'unix:path=/run/user/1000/bus', 'WSL_DISTRO_NAME': 'Ubuntu-24.04', 'WAYLAND_DISPLAY': 'wayland-0', 'LOGNAME': 'yalcinolgac', 'NAME': 'yalcinolgac', 'WSL_INTEROP': '/run/WSL/13907_interop', 'PULSE_SERVER': 'unix:/mnt/wslg/PulseServer', '_': '/usr/bin/colcon', 'TERM': 'xterm-256color', 'PATH': '/usr/local/sbin:/usr/local/bin:/usr/sbin:/usr/bin:/sbin:/bin:/usr/games:/usr/local/games:/usr/lib/wsl/lib', 'XDG_RUNTIME_DIR': '/run/user/1000/', 'DISPLAY': ':0', 'LANG': 'en_US.UTF-8', 'SHELL': '/bin/bash', 'PWD': '/home/yalcinolgac/mobile_robot_ws/build/mobile_robot', 'COLCON': '1', 'WSL2_GUI_APPS_ENABLED': '1', 'HOSTTYPE': 'x86_64', 'WSLENV': ''}), 'shell': False}
[0.052833] (mobile_robot) StdoutLine: {'line': b'-- Install configuration: ""\n'}
[0.052912] (mobile_robot) StdoutLine: {'line': b'-- Up-to-date: /home/yalcinolgac/mobile_robot_ws/install/mobile_robot/lib/mobile_robot/mobile_robot_controller\n'}
[0.053209] (mobile_robot) StdoutLine: {'line': b'-- Up-to-date: /home/yalcinolgac/mobile_robot_ws/install/mobile_robot/lib/mobile_robot/teleop_keyboard\n'}
[0.053318] (mobile_robot) StdoutLine: {'line': b'-- Up-to-date: /home/yalcinolgac/mobile_robot_ws/install/mobile_robot/lib/mobile_robot/tray_controller\n'}
[0.053402] (mobile_robot) StdoutLine: {'line': b'-- Up-to-date: /home/yalcinolgac/mobile_robot_ws/install/mobile_robot/lib/mobile_robot/tray_joint_relay\n'}
[0.053711] (mobile_robot) StdoutLine: {'line': b'-- Up-to-date: /home/yalcinolgac/mobile_robot_ws/install/mobile_robot/share/mobile_robot//config\n'}
[0.053896] (mobile_robot) StdoutLine: {'line': b'-- Up-to-date: /home/yalcinolgac/mobile_robot_ws/install/mobile_robot/share/mobile_robot//config/joint_names_mobile_robot.yaml\n'}
[0.053980] (mobile_robot) StdoutLine: {'line': b'-- Up-to-date: /home/yalcinolgac/mobile_robot_ws/install/mobile_robot/share/mobile_robot//config/mobile_robot.rviz\n'}
[0.054053] (mobile_robot) StdoutLine: {'line': b'-- Up-to-date: /home/yalcinolgac/mobile_robot_ws/install/mobile_robot/share/mobile_robot//launch\n'}
[0.054091] (mobile_robot) StdoutLine: {'line': b'-- Up-to-date: /home/yalcinolgac/mobile_robot_ws/install/mobile_robot/share/mobile_robot//launch/gazebo.launch\n'}
[0.054119] (mobile_robot) StdoutLine: {'line': b'-- Up-to-date: /home/yalcinolgac/mobile_robot_ws/install/mobile_robot/share/mobile_robot//launch/gazebo.launch.py\n'}
[0.054146] (mobile_robot) StdoutLine: {'line': b'-- Up-to-date: /home/yalcinolgac/mobile_robot_ws/install/mobile_robot/share/mobile_robot//launch/display.launch.py\n'}
[0.054172] (mobile_robot) StdoutLine: {'line': b'-- Up-to-date: /home/yalcinolgac/mobile_robot_ws/install/mobile_robot/share/mobile_robot//launch/manual_control.launch.py\n'}
[0.054228] (mobile_robot) StdoutLine: {'line': b'-- Up-to-date: /home/yalcinolgac/mobile_robot_ws/install/mobile_robot/share/mobile_robot//launch/display.launch\n'}
[0.054258] (mobile_robot) StdoutLine: {'line': b'-- Up-to-date: /home/yalcinolgac/mobile_robot_ws/install/mobile_robot/share/mobile_robot//meshes\n'}
[0.054286] (mobile_robot) StdoutLine: {'line': b'-- Up-to-date: /home/yalcinolgac/mobile_robot_ws/install/mobile_robot/share/mobile_robot//meshes/outerBodyLink.STL\n'}
[0.054312] (mobile_robot) StdoutLine: {'line': b'-- Up-to-date: /home/yalcinolgac/mobile_robot_ws/install/mobile_robot/share/mobile_robot//meshes/palet.STL\n'}
[0.054378] (mobile_robot) StdoutLine: {'line': b'-- Up-to-date: /home/yalcinolgac/mobile_robot_ws/install/mobile_robot/share/mobile_robot//meshes/leftWheeltLink.STL\n'}
[0.054488] (mobile_robot) StdoutLine: {'line': b'-- Up-to-date: /home/yalcinolgac/mobile_robot_ws/install/mobile_robot/share/mobile_robot//meshes/trayLink.STL\n'}
[0.054555] (mobile_robot) StdoutLine: {'line': b'-- Up-to-date: /home/yalcinolgac/mobile_robot_ws/install/mobile_robot/share/mobile_robot//meshes/aktarici.STL\n'}
[0.054589] (mobile_robot) StdoutLine: {'line': b'-- Up-to-date: /home/yalcinolgac/mobile_robot_ws/install/mobile_robot/share/mobile_robot//meshes/base_link.STL\n'}
[0.054616] (mobile_robot) StdoutLine: {'line': b'-- Up-to-date: /home/yalcinolgac/mobile_robot_ws/install/mobile_robot/share/mobile_robot//meshes/backCasterLink.STL\n'}
[0.055115] (mobile_robot) StdoutLine: {'line': b'-- Up-to-date: /home/yalcinolgac/mobile_robot_ws/install/mobile_robot/share/mobile_robot//meshes/rightWheelLink.STL\n'}
[0.055230] (mobile_robot) StdoutLine: {'line': b'-- Up-to-date: /home/yalcinolgac/mobile_robot_ws/install/mobile_robot/share/mobile_robot//meshes/frontCasterLink.STL\n'}
[0.055303] (mobile_robot) StdoutLine: {'line': b'-- Up-to-date: /home/yalcinolgac/mobile_robot_ws/install/mobile_robot/share/mobile_robot//urdf\n'}
[0.055376] (mobile_robot) StdoutLine: {'line': b'-- Installing: /home/yalcinolgac/mobile_robot_ws/install/mobile_robot/share/mobile_robot//urdf/mobile_robot.urdf\n'}
[0.055448] (mobile_robot) StdoutLine: {'line': b'-- Up-to-date: /home/yalcinolgac/mobile_robot_ws/install/mobile_robot/share/mobile_robot//urdf/mobile_robot.sdf\n'}
[0.055521] (mobile_robot) StdoutLine: {'line': b'-- Up-to-date: /home/yalcinolgac/mobile_robot_ws/install/mobile_robot/share/mobile_robot//urdf/mobile_robot.csv\n'}
[0.055593] (mobile_robot) StdoutLine: {'line': b'-- Up-to-date: /home/yalcinolgac/mobile_robot_ws/install/mobile_robot/share/ament_index/resource_index/package_run_dependencies/mobile_robot\n'}
[0.055811] (mobile_robot) StdoutLine: {'line': b'-- Up-to-date: /home/yalcinolgac/mobile_robot_ws/install/mobile_robot/share/ament_index/resource_index/parent_prefix_path/mobile_robot\n'}
[0.055907] (mobile_robot) StdoutLine: {'line': b'-- Up-to-date: /home/yalcinolgac/mobile_robot_ws/install/mobile_robot/share/mobile_robot/environment/ament_prefix_path.sh\n'}
[0.055982] (mobile_robot) StdoutLine: {'line': b'-- Up-to-date: /home/yalcinolgac/mobile_robot_ws/install/mobile_robot/share/mobile_robot/environment/ament_prefix_path.dsv\n'}
[0.056054] (mobile_robot) StdoutLine: {'line': b'-- Up-to-date: /home/yalcinolgac/mobile_robot_ws/install/mobile_robot/share/mobile_robot/environment/path.sh\n'}
[0.056119] (mobile_robot) StdoutLine: {'line': b'-- Up-to-date: /home/yalcinolgac/mobile_robot_ws/install/mobile_robot/share/mobile_robot/environment/path.dsv\n'}
[0.056192] (mobile_robot) StdoutLine: {'line': b'-- Up-to-date: /home/yalcinolgac/mobile_robot_ws/install/mobile_robot/share/mobile_robot/local_setup.bash\n'}
[0.056264] (mobile_robot) StdoutLine: {'line': b'-- Up-to-date: /home/yalcinolgac/mobile_robot_ws/install/mobile_robot/share/mobile_robot/local_setup.sh\n'}
[0.056340] (mobile_robot) StdoutLine: {'line': b'-- Up-to-date: /home/yalcinolgac/mobile_robot_ws/install/mobile_robot/share/mobile_robot/local_setup.zsh\n'}
[0.056411] (mobile_robot) StdoutLine: {'line': b'-- Up-to-date: /home/yalcinolgac/mobile_robot_ws/install/mobile_robot/share/mobile_robot/local_setup.dsv\n'}
[0.056483] (mobile_robot) StdoutLine: {'line': b'-- Installing: /home/yalcinolgac/mobile_robot_ws/install/mobile_robot/share/mobile_robot/package.dsv\n'}
[0.056555] (mobile_robot) StdoutLine: {'line': b'-- Up-to-date: /home/yalcinolgac/mobile_robot_ws/install/mobile_robot/share/ament_index/resource_index/packages/mobile_robot\n'}
[0.056626] (mobile_robot) StdoutLine: {'line': b'-- Up-to-date: /home/yalcinolgac/mobile_robot_ws/install/mobile_robot/share/mobile_robot/cmake/mobile_robotConfig.cmake\n'}
[0.056698] (mobile_robot) StdoutLine: {'line': b'-- Up-to-date: /home/yalcinolgac/mobile_robot_ws/install/mobile_robot/share/mobile_robot/cmake/mobile_robotConfig-version.cmake\n'}
[0.056769] (mobile_robot) StdoutLine: {'line': b'-- Up-to-date: /home/yalcinolgac/mobile_robot_ws/install/mobile_robot/share/mobile_robot/package.xml\n'}
[0.056841] (mobile_robot) CommandEnded: {'returncode': 0}
[0.064505] (mobile_robot) JobEnded: {'identifier': 'mobile_robot', 'rc': 0}
[0.065244] (-) EventReactorShutdown: {}
