[0.000000] (-) TimerEvent: {}
[0.000467] (mobile_robot) JobQueued: {'identifier': 'mobile_robot', 'dependencies': OrderedDict()}
[0.000573] (mobile_robot) JobStarted: {'identifier': 'mobile_robot'}
[0.003703] (mobile_robot) JobProgress: {'identifier': 'mobile_robot', 'progress': 'cmake'}
[0.004137] (mobile_robot) JobProgress: {'identifier': 'mobile_robot', 'progress': 'build'}
[0.004714] (mobile_robot) Command: {'cmd': ['/usr/bin/cmake', '--build', '/home/yalcinolgac/mobile_robot_ws/build/mobile_robot', '--', '-j32', '-l32'], 'cwd': '/home/yalcinolgac/mobile_robot_ws/build/mobile_robot', 'env': OrderedDict({'USER': 'yalcinolgac', 'SHLVL': '0', 'HOME': '/home/yalcinolgac', 'DBUS_SESSION_BUS_ADDRESS': 'unix:path=/run/user/1000/bus', 'WSL_DISTRO_NAME': 'Ubuntu-24.04', 'WAYLAND_DISPLAY': 'wayland-0', 'LOGNAME': 'yalcinolgac', 'NAME': 'yalcinolgac', 'WSL_INTEROP': '/run/WSL/20822_interop', 'PULSE_SERVER': 'unix:/mnt/wslg/PulseServer', '_': '/usr/bin/colcon', 'TERM': 'xterm-256color', 'PATH': '/usr/local/sbin:/usr/local/bin:/usr/sbin:/usr/bin:/sbin:/bin:/usr/games:/usr/local/games:/usr/lib/wsl/lib', 'XDG_RUNTIME_DIR': '/run/user/1000/', 'DISPLAY': ':0', 'LANG': 'en_US.UTF-8', 'SHELL': '/bin/bash', 'PWD': '/home/yalcinolgac/mobile_robot_ws/build/mobile_robot', 'COLCON': '1', 'WSL2_GUI_APPS_ENABLED': '1', 'HOSTTYPE': 'x86_64', 'WSLENV': ''}), 'shell': False}
[0.043940] (mobile_robot) StdoutLine: {'line': b'[ 75%] Built target tray_controller\n'}
[0.044198] (mobile_robot) StdoutLine: {'line': b'[ 75%] Built target mobile_robot_controller\n'}
[0.044279] (mobile_robot) StdoutLine: {'line': b'[ 75%] Built target teleop_keyboard\n'}
[0.044454] (mobile_robot) StdoutLine: {'line': b'[100%] Built target tray_joint_relay\n'}
[0.050821] (mobile_robot) CommandEnded: {'returncode': 0}
[0.051295] (mobile_robot) JobProgress: {'identifier': 'mobile_robot', 'progress': 'install'}
[0.056446] (mobile_robot) Command: {'cmd': ['/usr/bin/cmake', '--install', '/home/yalcinolgac/mobile_robot_ws/build/mobile_robot'], 'cwd': '/home/yalcinolgac/mobile_robot_ws/build/mobile_robot', 'env': OrderedDict({'USER': 'yalcinolgac', 'SHLVL': '0', 'HOME': '/home/yalcinolgac', 'DBUS_SESSION_BUS_ADDRESS': 'unix:path=/run/user/1000/bus', 'WSL_DISTRO_NAME': 'Ubuntu-24.04', 'WAYLAND_DISPLAY': 'wayland-0', 'LOGNAME': 'yalcinolgac', 'NAME': 'yalcinolgac', 'WSL_INTEROP': '/run/WSL/20822_interop', 'PULSE_SERVER': 'unix:/mnt/wslg/PulseServer', '_': '/usr/bin/colcon', 'TERM': 'xterm-256color', 'PATH': '/usr/local/sbin:/usr/local/bin:/usr/sbin:/usr/bin:/sbin:/bin:/usr/games:/usr/local/games:/usr/lib/wsl/lib', 'XDG_RUNTIME_DIR': '/run/user/1000/', 'DISPLAY': ':0', 'LANG': 'en_US.UTF-8', 'SHELL': '/bin/bash', 'PWD': '/home/yalcinolgac/mobile_robot_ws/build/mobile_robot', 'COLCON': '1', 'WSL2_GUI_APPS_ENABLED': '1', 'HOSTTYPE': 'x86_64', 'WSLENV': ''}), 'shell': False}
[0.061372] (mobile_robot) StdoutLine: {'line': b'-- Install configuration: ""\n'}
[0.061549] (mobile_robot) StdoutLine: {'line': b'-- Up-to-date: /home/yalcinolgac/mobile_robot_ws/install/mobile_robot/lib/mobile_robot/mobile_robot_controller\n'}
[0.061649] (mobile_robot) StdoutLine: {'line': b'-- Up-to-date: /home/yalcinolgac/mobile_robot_ws/install/mobile_robot/lib/mobile_robot/teleop_keyboard\n'}
[0.061852] (mobile_robot) StdoutLine: {'line': b'-- Up-to-date: /home/yalcinolgac/mobile_robot_ws/install/mobile_robot/lib/mobile_robot/tray_controller\n'}
[0.061946] (mobile_robot) StdoutLine: {'line': b'-- Up-to-date: /home/yalcinolgac/mobile_robot_ws/install/mobile_robot/lib/mobile_robot/tray_joint_relay\n'}
[0.062039] (mobile_robot) StdoutLine: {'line': b'-- Up-to-date: /home/yalcinolgac/mobile_robot_ws/install/mobile_robot/share/mobile_robot//config\n'}
[0.062131] (mobile_robot) StdoutLine: {'line': b'-- Up-to-date: /home/yalcinolgac/mobile_robot_ws/install/mobile_robot/share/mobile_robot//config/joint_names_mobile_robot.yaml\n'}
[0.062208] (mobile_robot) StdoutLine: {'line': b'-- Up-to-date: /home/yalcinolgac/mobile_robot_ws/install/mobile_robot/share/mobile_robot//config/mobile_robot.rviz\n'}
[0.062279] (mobile_robot) StdoutLine: {'line': b'-- Up-to-date: /home/yalcinolgac/mobile_robot_ws/install/mobile_robot/share/mobile_robot//launch\n'}
[0.062505] (mobile_robot) StdoutLine: {'line': b'-- Up-to-date: /home/yalcinolgac/mobile_robot_ws/install/mobile_robot/share/mobile_robot//launch/gazebo.launch\n'}
[0.062632] (mobile_robot) StdoutLine: {'line': b'-- Up-to-date: /home/yalcinolgac/mobile_robot_ws/install/mobile_robot/share/mobile_robot//launch/gazebo.launch.py\n'}
[0.062719] (mobile_robot) StdoutLine: {'line': b'-- Up-to-date: /home/yalcinolgac/mobile_robot_ws/install/mobile_robot/share/mobile_robot//launch/display.launch.py\n'}
[0.062813] (mobile_robot) StdoutLine: {'line': b'-- Installing: /home/yalcinolgac/mobile_robot_ws/install/mobile_robot/share/mobile_robot//launch/manual_control.launch.py\n'}
[0.063053] (mobile_robot) StdoutLine: {'line': b'-- Up-to-date: /home/yalcinolgac/mobile_robot_ws/install/mobile_robot/share/mobile_robot//launch/display.launch\n'}
[0.063124] (mobile_robot) StdoutLine: {'line': b'-- Up-to-date: /home/yalcinolgac/mobile_robot_ws/install/mobile_robot/share/mobile_robot//meshes\n'}
[0.063159] (mobile_robot) StdoutLine: {'line': b'-- Up-to-date: /home/yalcinolgac/mobile_robot_ws/install/mobile_robot/share/mobile_robot//meshes/outerBodyLink.STL\n'}
[0.063213] (mobile_robot) StdoutLine: {'line': b'-- Up-to-date: /home/yalcinolgac/mobile_robot_ws/install/mobile_robot/share/mobile_robot//meshes/palet.STL\n'}
[0.063246] (mobile_robot) StdoutLine: {'line': b'-- Up-to-date: /home/yalcinolgac/mobile_robot_ws/install/mobile_robot/share/mobile_robot//meshes/leftWheeltLink.STL\n'}
[0.063276] (mobile_robot) StdoutLine: {'line': b'-- Up-to-date: /home/yalcinolgac/mobile_robot_ws/install/mobile_robot/share/mobile_robot//meshes/trayLink.STL\n'}
[0.063306] (mobile_robot) StdoutLine: {'line': b'-- Up-to-date: /home/yalcinolgac/mobile_robot_ws/install/mobile_robot/share/mobile_robot//meshes/aktarici.STL\n'}
[0.063335] (mobile_robot) StdoutLine: {'line': b'-- Up-to-date: /home/yalcinolgac/mobile_robot_ws/install/mobile_robot/share/mobile_robot//meshes/base_link.STL\n'}
[0.063363] (mobile_robot) StdoutLine: {'line': b'-- Up-to-date: /home/yalcinolgac/mobile_robot_ws/install/mobile_robot/share/mobile_robot//meshes/backCasterLink.STL\n'}
[0.063391] (mobile_robot) StdoutLine: {'line': b'-- Up-to-date: /home/yalcinolgac/mobile_robot_ws/install/mobile_robot/share/mobile_robot//meshes/rightWheelLink.STL\n'}
[0.063418] (mobile_robot) StdoutLine: {'line': b'-- Up-to-date: /home/yalcinolgac/mobile_robot_ws/install/mobile_robot/share/mobile_robot//meshes/frontCasterLink.STL\n'}
[0.063445] (mobile_robot) StdoutLine: {'line': b'-- Up-to-date: /home/yalcinolgac/mobile_robot_ws/install/mobile_robot/share/mobile_robot//urdf\n'}
[0.063472] (mobile_robot) StdoutLine: {'line': b'-- Installing: /home/yalcinolgac/mobile_robot_ws/install/mobile_robot/share/mobile_robot//urdf/mobile_robot.urdf\n'}
[0.063499] (mobile_robot) StdoutLine: {'line': b'-- Up-to-date: /home/yalcinolgac/mobile_robot_ws/install/mobile_robot/share/mobile_robot//urdf/mobile_robot.sdf\n'}
[0.063526] (mobile_robot) StdoutLine: {'line': b'-- Up-to-date: /home/yalcinolgac/mobile_robot_ws/install/mobile_robot/share/mobile_robot//urdf/mobile_robot.csv\n'}
[0.063553] (mobile_robot) StdoutLine: {'line': b'-- Up-to-date: /home/yalcinolgac/mobile_robot_ws/install/mobile_robot/share/ament_index/resource_index/package_run_dependencies/mobile_robot\n'}
[0.063599] (mobile_robot) StdoutLine: {'line': b'-- Up-to-date: /home/yalcinolgac/mobile_robot_ws/install/mobile_robot/share/ament_index/resource_index/parent_prefix_path/mobile_robot\n'}
[0.063627] (mobile_robot) StdoutLine: {'line': b'-- Up-to-date: /home/yalcinolgac/mobile_robot_ws/install/mobile_robot/share/mobile_robot/environment/ament_prefix_path.sh\n'}
[0.063654] (mobile_robot) StdoutLine: {'line': b'-- Up-to-date: /home/yalcinolgac/mobile_robot_ws/install/mobile_robot/share/mobile_robot/environment/ament_prefix_path.dsv\n'}
[0.063680] (mobile_robot) StdoutLine: {'line': b'-- Up-to-date: /home/yalcinolgac/mobile_robot_ws/install/mobile_robot/share/mobile_robot/environment/path.sh\n'}
[0.063710] (mobile_robot) StdoutLine: {'line': b'-- Up-to-date: /home/yalcinolgac/mobile_robot_ws/install/mobile_robot/share/mobile_robot/environment/path.dsv\n'}
[0.063739] (mobile_robot) StdoutLine: {'line': b'-- Up-to-date: /home/yalcinolgac/mobile_robot_ws/install/mobile_robot/share/mobile_robot/local_setup.bash\n'}
[0.063766] (mobile_robot) StdoutLine: {'line': b'-- Up-to-date: /home/yalcinolgac/mobile_robot_ws/install/mobile_robot/share/mobile_robot/local_setup.sh\n'}
[0.063799] (mobile_robot) StdoutLine: {'line': b'-- Up-to-date: /home/yalcinolgac/mobile_robot_ws/install/mobile_robot/share/mobile_robot/local_setup.zsh\n'}
[0.063826] (mobile_robot) StdoutLine: {'line': b'-- Up-to-date: /home/yalcinolgac/mobile_robot_ws/install/mobile_robot/share/mobile_robot/local_setup.dsv\n'}
[0.063856] (mobile_robot) StdoutLine: {'line': b'-- Installing: /home/yalcinolgac/mobile_robot_ws/install/mobile_robot/share/mobile_robot/package.dsv\n'}
[0.063884] (mobile_robot) StdoutLine: {'line': b'-- Up-to-date: /home/yalcinolgac/mobile_robot_ws/install/mobile_robot/share/ament_index/resource_index/packages/mobile_robot\n'}
[0.063913] (mobile_robot) StdoutLine: {'line': b'-- Up-to-date: /home/yalcinolgac/mobile_robot_ws/install/mobile_robot/share/mobile_robot/cmake/mobile_robotConfig.cmake\n'}
[0.063939] (mobile_robot) StdoutLine: {'line': b'-- Up-to-date: /home/yalcinolgac/mobile_robot_ws/install/mobile_robot/share/mobile_robot/cmake/mobile_robotConfig-version.cmake\n'}
[0.064004] (mobile_robot) StdoutLine: {'line': b'-- Up-to-date: /home/yalcinolgac/mobile_robot_ws/install/mobile_robot/share/mobile_robot/package.xml\n'}
[0.064378] (mobile_robot) CommandEnded: {'returncode': 0}
[0.073479] (mobile_robot) JobEnded: {'identifier': 'mobile_robot', 'rc': 0}
[0.073985] (-) EventReactorShutdown: {}
