[0.006s] Invoking command in '/home/yalcinolgac/mobile_robot_ws/build/mobile_robot': CMAKE_PREFIX_PATH=${CMAKE_PREFIX_PATH}:/opt/ros/jazzy DEBUGINFOD_URLS=https://debuginfod.ubuntu.com /usr/bin/cmake --build /home/yalcinolgac/mobile_robot_ws/build/mobile_robot -- -j32 -l32
[0.042s] [ 25%] Built target mobile_robot_controller
[0.043s] [ 50%] [32mBuilding CXX object CMakeFiles/tray_controller.dir/src/tray_controller.cpp.o[0m
[0.043s] [ 62%] Built target tray_joint_relay
[0.043s] [ 87%] Built target teleop_keyboard
[2.848s] [100%] [32m[1mLinking CXX executable tray_controller[0m
[2.943s] [100%] Built target tray_controller
[2.950s] Invoked command in '/home/yalcinolgac/mobile_robot_ws/build/mobile_robot' returned '0': CMAKE_PREFIX_PATH=${CMAKE_PREFIX_PATH}:/opt/ros/jazzy DEBUGINFOD_URLS=https://debuginfod.ubuntu.com /usr/bin/cmake --build /home/yalcinolgac/mobile_robot_ws/build/mobile_robot -- -j32 -l32
[2.955s] Invoking command in '/home/yalcinolgac/mobile_robot_ws/build/mobile_robot': CMAKE_PREFIX_PATH=${CMAKE_PREFIX_PATH}:/opt/ros/jazzy DEBUGINFOD_URLS=https://debuginfod.ubuntu.com /usr/bin/cmake --install /home/yalcinolgac/mobile_robot_ws/build/mobile_robot
[2.961s] -- Install configuration: ""
[2.961s] -- Up-to-date: /home/yalcinolgac/mobile_robot_ws/install/mobile_robot/lib/mobile_robot/mobile_robot_controller
[2.961s] -- Up-to-date: /home/yalcinolgac/mobile_robot_ws/install/mobile_robot/lib/mobile_robot/teleop_keyboard
[2.961s] -- Installing: /home/yalcinolgac/mobile_robot_ws/install/mobile_robot/lib/mobile_robot/tray_controller
[2.962s] -- Set non-toolchain portion of runtime path of "/home/yalcinolgac/mobile_robot_ws/install/mobile_robot/lib/mobile_robot/tray_controller" to ""
[2.962s] -- Up-to-date: /home/yalcinolgac/mobile_robot_ws/install/mobile_robot/lib/mobile_robot/tray_joint_relay
[2.962s] -- Up-to-date: /home/yalcinolgac/mobile_robot_ws/install/mobile_robot/share/mobile_robot//config
[2.963s] -- Up-to-date: /home/yalcinolgac/mobile_robot_ws/install/mobile_robot/share/mobile_robot//config/joint_names_mobile_robot.yaml
[2.963s] -- Up-to-date: /home/yalcinolgac/mobile_robot_ws/install/mobile_robot/share/mobile_robot//config/mobile_robot.rviz
[2.963s] -- Up-to-date: /home/yalcinolgac/mobile_robot_ws/install/mobile_robot/share/mobile_robot//launch
[2.963s] -- Up-to-date: /home/yalcinolgac/mobile_robot_ws/install/mobile_robot/share/mobile_robot//launch/gazebo.launch
[2.963s] -- Up-to-date: /home/yalcinolgac/mobile_robot_ws/install/mobile_robot/share/mobile_robot//launch/gazebo.launch.py
[2.963s] -- Up-to-date: /home/yalcinolgac/mobile_robot_ws/install/mobile_robot/share/mobile_robot//launch/display.launch.py
[2.963s] -- Installing: /home/yalcinolgac/mobile_robot_ws/install/mobile_robot/share/mobile_robot//launch/manual_control.launch.py
[2.963s] -- Up-to-date: /home/yalcinolgac/mobile_robot_ws/install/mobile_robot/share/mobile_robot//launch/display.launch
[2.963s] -- Up-to-date: /home/yalcinolgac/mobile_robot_ws/install/mobile_robot/share/mobile_robot//meshes
[2.963s] -- Up-to-date: /home/yalcinolgac/mobile_robot_ws/install/mobile_robot/share/mobile_robot//meshes/outerBodyLink.STL
[2.963s] -- Up-to-date: /home/yalcinolgac/mobile_robot_ws/install/mobile_robot/share/mobile_robot//meshes/palet.STL
[2.963s] -- Up-to-date: /home/yalcinolgac/mobile_robot_ws/install/mobile_robot/share/mobile_robot//meshes/leftWheeltLink.STL
[2.963s] -- Up-to-date: /home/yalcinolgac/mobile_robot_ws/install/mobile_robot/share/mobile_robot//meshes/trayLink.STL
[2.963s] -- Up-to-date: /home/yalcinolgac/mobile_robot_ws/install/mobile_robot/share/mobile_robot//meshes/aktarici.STL
[2.963s] -- Up-to-date: /home/yalcinolgac/mobile_robot_ws/install/mobile_robot/share/mobile_robot//meshes/base_link.STL
[2.963s] -- Up-to-date: /home/yalcinolgac/mobile_robot_ws/install/mobile_robot/share/mobile_robot//meshes/backCasterLink.STL
[2.963s] -- Up-to-date: /home/yalcinolgac/mobile_robot_ws/install/mobile_robot/share/mobile_robot//meshes/rightWheelLink.STL
[2.964s] -- Up-to-date: /home/yalcinolgac/mobile_robot_ws/install/mobile_robot/share/mobile_robot//meshes/frontCasterLink.STL
[2.964s] -- Up-to-date: /home/yalcinolgac/mobile_robot_ws/install/mobile_robot/share/mobile_robot//urdf
[2.964s] -- Installing: /home/yalcinolgac/mobile_robot_ws/install/mobile_robot/share/mobile_robot//urdf/mobile_robot.urdf
[2.964s] -- Up-to-date: /home/yalcinolgac/mobile_robot_ws/install/mobile_robot/share/mobile_robot//urdf/mobile_robot.sdf
[2.964s] -- Up-to-date: /home/yalcinolgac/mobile_robot_ws/install/mobile_robot/share/mobile_robot//urdf/mobile_robot.csv
[2.964s] -- Up-to-date: /home/yalcinolgac/mobile_robot_ws/install/mobile_robot/share/ament_index/resource_index/package_run_dependencies/mobile_robot
[2.964s] -- Up-to-date: /home/yalcinolgac/mobile_robot_ws/install/mobile_robot/share/ament_index/resource_index/parent_prefix_path/mobile_robot
[2.964s] -- Up-to-date: /home/yalcinolgac/mobile_robot_ws/install/mobile_robot/share/mobile_robot/environment/ament_prefix_path.sh
[2.964s] -- Up-to-date: /home/yalcinolgac/mobile_robot_ws/install/mobile_robot/share/mobile_robot/environment/ament_prefix_path.dsv
[2.965s] -- Up-to-date: /home/yalcinolgac/mobile_robot_ws/install/mobile_robot/share/mobile_robot/environment/path.sh
[2.965s] -- Up-to-date: /home/yalcinolgac/mobile_robot_ws/install/mobile_robot/share/mobile_robot/environment/path.dsv
[2.965s] -- Up-to-date: /home/yalcinolgac/mobile_robot_ws/install/mobile_robot/share/mobile_robot/local_setup.bash
[2.966s] -- Up-to-date: /home/yalcinolgac/mobile_robot_ws/install/mobile_robot/share/mobile_robot/local_setup.sh
[2.966s] -- Up-to-date: /home/yalcinolgac/mobile_robot_ws/install/mobile_robot/share/mobile_robot/local_setup.zsh
[2.966s] -- Up-to-date: /home/yalcinolgac/mobile_robot_ws/install/mobile_robot/share/mobile_robot/local_setup.dsv
[2.966s] -- Installing: /home/yalcinolgac/mobile_robot_ws/install/mobile_robot/share/mobile_robot/package.dsv
[2.966s] -- Up-to-date: /home/yalcinolgac/mobile_robot_ws/install/mobile_robot/share/ament_index/resource_index/packages/mobile_robot
[2.966s] -- Up-to-date: /home/yalcinolgac/mobile_robot_ws/install/mobile_robot/share/mobile_robot/cmake/mobile_robotConfig.cmake
[2.966s] -- Up-to-date: /home/yalcinolgac/mobile_robot_ws/install/mobile_robot/share/mobile_robot/cmake/mobile_robotConfig-version.cmake
[2.966s] -- Up-to-date: /home/yalcinolgac/mobile_robot_ws/install/mobile_robot/share/mobile_robot/package.xml
[2.967s] Invoked command in '/home/yalcinolgac/mobile_robot_ws/build/mobile_robot' returned '0': CMAKE_PREFIX_PATH=${CMAKE_PREFIX_PATH}:/opt/ros/jazzy DEBUGINFOD_URLS=https://debuginfod.ubuntu.com /usr/bin/cmake --install /home/yalcinolgac/mobile_robot_ws/build/mobile_robot
