-- Found ament_cmake: 2.5.4 (/opt/ros/jazzy/share/ament_cmake/cmake)
-- Found rclcpp: 28.1.9 (/opt/ros/jazzy/share/rclcpp/cmake)
-- Found rosidl_generator_c: 4.6.5 (/opt/ros/jazzy/share/rosidl_generator_c/cmake)
-- Found rosidl_generator_cpp: 4.6.5 (/opt/ros/jazzy/share/rosidl_generator_cpp/cmake)
-- Using all available rosidl_typesupport_c: rosidl_typesupport_fastrtps_c;rosidl_typesupport_introspection_c
-- Using all available rosidl_typesupport_cpp: rosidl_typesupport_fastrtps_cpp;rosidl_typesupport_introspection_cpp
-- Found rmw_implementation_cmake: 7.3.2 (/opt/ros/jazzy/share/rmw_implementation_cmake/cmake)
-- Found rmw_fastrtps_cpp: 8.4.2 (/opt/ros/jazzy/share/rmw_fastrtps_cpp/cmake)
-- Using RMW implementation 'rmw_fastrtps_cpp' as default
-- Found geometry_msgs: 5.3.6 (/opt/ros/jazzy/share/geometry_msgs/cmake)
-- Found sensor_msgs: 5.3.6 (/opt/ros/jazzy/share/sensor_msgs/cmake)
-- Found nav_msgs: 5.3.6 (/opt/ros/jazzy/share/nav_msgs/cmake)
-- Found tf2: 0.36.11 (/opt/ros/jazzy/share/tf2/cmake)
-- Found tf2_ros: 0.36.12 (/opt/ros/jazzy/share/tf2_ros/cmake)
-- Found tf2_geometry_msgs: 0.36.12 (/opt/ros/jazzy/share/tf2_geometry_msgs/cmake)
-- Found eigen3_cmake_module: 0.3.0 (/opt/ros/jazzy/share/eigen3_cmake_module/cmake)
-- Ensuring Eigen3 include directory is part of orocos-kdl CMake target
-- Found ament_lint_auto: 0.17.2 (/opt/ros/jazzy/share/ament_lint_auto/cmake)
-- Added test 'copyright' to check source files copyright and LICENSE
-- Added test 'cppcheck' to perform static code analysis on C / C++ code
-- Configured cppcheck include dirs: 
-- Configured cppcheck exclude dirs and/or files: 
-- Added test 'cpplint' to check C / C++ code against the Google style
-- Configured cpplint exclude dirs and/or files: 
-- Added test 'flake8' to check Python code syntax and style conventions
-- Configured 'flake8' exclude dirs and/or files: 
-- Added test 'lint_cmake' to check CMake code style
-- Added test 'pep257' to check Python code against some of the docstring style conventions in PEP 257
-- Added test 'uncrustify' to check C / C++ code style
-- Configured uncrustify additional arguments: 
-- Added test 'xmllint' to check XML markup files
-- Configuring done (0.6s)
-- Generating done (0.0s)
-- Build files have been written to: /home/yalcinolgac/mobile_robot_ws/build/mobile_robot
[ 12%] [32mBuilding CXX object CMakeFiles/tray_joint_relay.dir/src/tray_joint_relay.cpp.o[0m
[ 37%] Built target teleop_keyboard
[ 62%] Built target mobile_robot_controller
[ 87%] Built target tray_controller
[100%] [32m[1mLinking CXX executable tray_joint_relay[0m
[100%] Built target tray_joint_relay
-- Install configuration: ""
-- Up-to-date: /home/yalcinolgac/mobile_robot_ws/install/mobile_robot/lib/mobile_robot/mobile_robot_controller
-- Up-to-date: /home/yalcinolgac/mobile_robot_ws/install/mobile_robot/lib/mobile_robot/teleop_keyboard
-- Up-to-date: /home/yalcinolgac/mobile_robot_ws/install/mobile_robot/lib/mobile_robot/tray_controller
-- Installing: /home/yalcinolgac/mobile_robot_ws/install/mobile_robot/lib/mobile_robot/tray_joint_relay
-- Set non-toolchain portion of runtime path of "/home/yalcinolgac/mobile_robot_ws/install/mobile_robot/lib/mobile_robot/tray_joint_relay" to ""
-- Up-to-date: /home/yalcinolgac/mobile_robot_ws/install/mobile_robot/share/mobile_robot//config
-- Up-to-date: /home/yalcinolgac/mobile_robot_ws/install/mobile_robot/share/mobile_robot//config/joint_names_mobile_robot.yaml
-- Up-to-date: /home/yalcinolgac/mobile_robot_ws/install/mobile_robot/share/mobile_robot//config/mobile_robot.rviz
-- Up-to-date: /home/yalcinolgac/mobile_robot_ws/install/mobile_robot/share/mobile_robot//launch
-- Up-to-date: /home/yalcinolgac/mobile_robot_ws/install/mobile_robot/share/mobile_robot//launch/gazebo.launch
-- Up-to-date: /home/yalcinolgac/mobile_robot_ws/install/mobile_robot/share/mobile_robot//launch/gazebo.launch.py
-- Up-to-date: /home/yalcinolgac/mobile_robot_ws/install/mobile_robot/share/mobile_robot//launch/display.launch.py
-- Installing: /home/yalcinolgac/mobile_robot_ws/install/mobile_robot/share/mobile_robot//launch/manual_control.launch.py
-- Up-to-date: /home/yalcinolgac/mobile_robot_ws/install/mobile_robot/share/mobile_robot//launch/display.launch
-- Up-to-date: /home/yalcinolgac/mobile_robot_ws/install/mobile_robot/share/mobile_robot//meshes
-- Up-to-date: /home/yalcinolgac/mobile_robot_ws/install/mobile_robot/share/mobile_robot//meshes/outerBodyLink.STL
-- Up-to-date: /home/yalcinolgac/mobile_robot_ws/install/mobile_robot/share/mobile_robot//meshes/palet.STL
-- Up-to-date: /home/yalcinolgac/mobile_robot_ws/install/mobile_robot/share/mobile_robot//meshes/leftWheeltLink.STL
-- Up-to-date: /home/yalcinolgac/mobile_robot_ws/install/mobile_robot/share/mobile_robot//meshes/trayLink.STL
-- Up-to-date: /home/yalcinolgac/mobile_robot_ws/install/mobile_robot/share/mobile_robot//meshes/aktarici.STL
-- Up-to-date: /home/yalcinolgac/mobile_robot_ws/install/mobile_robot/share/mobile_robot//meshes/base_link.STL
-- Up-to-date: /home/yalcinolgac/mobile_robot_ws/install/mobile_robot/share/mobile_robot//meshes/backCasterLink.STL
-- Up-to-date: /home/yalcinolgac/mobile_robot_ws/install/mobile_robot/share/mobile_robot//meshes/rightWheelLink.STL
-- Up-to-date: /home/yalcinolgac/mobile_robot_ws/install/mobile_robot/share/mobile_robot//meshes/frontCasterLink.STL
-- Up-to-date: /home/yalcinolgac/mobile_robot_ws/install/mobile_robot/share/mobile_robot//urdf
-- Installing: /home/yalcinolgac/mobile_robot_ws/install/mobile_robot/share/mobile_robot//urdf/mobile_robot.urdf
-- Up-to-date: /home/yalcinolgac/mobile_robot_ws/install/mobile_robot/share/mobile_robot//urdf/mobile_robot.sdf
-- Up-to-date: /home/yalcinolgac/mobile_robot_ws/install/mobile_robot/share/mobile_robot//urdf/mobile_robot.csv
-- Up-to-date: /home/yalcinolgac/mobile_robot_ws/install/mobile_robot/share/ament_index/resource_index/package_run_dependencies/mobile_robot
-- Installing: /home/yalcinolgac/mobile_robot_ws/install/mobile_robot/share/ament_index/resource_index/parent_prefix_path/mobile_robot
-- Up-to-date: /home/yalcinolgac/mobile_robot_ws/install/mobile_robot/share/mobile_robot/environment/ament_prefix_path.sh
-- Up-to-date: /home/yalcinolgac/mobile_robot_ws/install/mobile_robot/share/mobile_robot/environment/ament_prefix_path.dsv
-- Up-to-date: /home/yalcinolgac/mobile_robot_ws/install/mobile_robot/share/mobile_robot/environment/path.sh
-- Up-to-date: /home/yalcinolgac/mobile_robot_ws/install/mobile_robot/share/mobile_robot/environment/path.dsv
-- Up-to-date: /home/yalcinolgac/mobile_robot_ws/install/mobile_robot/share/mobile_robot/local_setup.bash
-- Up-to-date: /home/yalcinolgac/mobile_robot_ws/install/mobile_robot/share/mobile_robot/local_setup.sh
-- Up-to-date: /home/yalcinolgac/mobile_robot_ws/install/mobile_robot/share/mobile_robot/local_setup.zsh
-- Up-to-date: /home/yalcinolgac/mobile_robot_ws/install/mobile_robot/share/mobile_robot/local_setup.dsv
-- Installing: /home/yalcinolgac/mobile_robot_ws/install/mobile_robot/share/mobile_robot/package.dsv
-- Up-to-date: /home/yalcinolgac/mobile_robot_ws/install/mobile_robot/share/ament_index/resource_index/packages/mobile_robot
-- Up-to-date: /home/yalcinolgac/mobile_robot_ws/install/mobile_robot/share/mobile_robot/cmake/mobile_robotConfig.cmake
-- Up-to-date: /home/yalcinolgac/mobile_robot_ws/install/mobile_robot/share/mobile_robot/cmake/mobile_robotConfig-version.cmake
-- Up-to-date: /home/yalcinolgac/mobile_robot_ws/install/mobile_robot/share/mobile_robot/package.xml
