[0.006s] Invoking command in '/home/yalcinolgac/mobile_robot_ws/build/mobile_robot': CMAKE_PREFIX_PATH=${CMAKE_PREFIX_PATH}:/opt/ros/jazzy DEBUGINFOD_URLS=https://debuginfod.ubuntu.com /usr/bin/cmake --build /home/yalcinolgac/mobile_robot_ws/build/mobile_robot -- -j32 -l32
[0.031s] -- Found ament_cmake: 2.5.4 (/opt/ros/jazzy/share/ament_cmake/cmake)
[0.174s] -- Found rclcpp: 28.1.9 (/opt/ros/jazzy/share/rclcpp/cmake)
[0.204s] -- Found rosidl_generator_c: 4.6.5 (/opt/ros/jazzy/share/rosidl_generator_c/cmake)
[0.212s] -- Found rosidl_generator_cpp: 4.6.5 (/opt/ros/jazzy/share/rosidl_generator_cpp/cmake)
[0.225s] -- Using all available rosidl_typesupport_c: rosidl_typesupport_fastrtps_c;rosidl_typesupport_introspection_c
[0.238s] -- Using all available rosidl_typesupport_cpp: rosidl_typesupport_fastrtps_cpp;rosidl_typesupport_introspection_cpp
[0.284s] -- Found rmw_implementation_cmake: 7.3.2 (/opt/ros/jazzy/share/rmw_implementation_cmake/cmake)
[0.286s] -- Found rmw_fastrtps_cpp: 8.4.2 (/opt/ros/jazzy/share/rmw_fastrtps_cpp/cmake)
[0.331s] -- Using RMW implementation 'rmw_fastrtps_cpp' as default
[0.381s] -- Found geometry_msgs: 5.3.6 (/opt/ros/jazzy/share/geometry_msgs/cmake)
[0.407s] -- Found sensor_msgs: 5.3.6 (/opt/ros/jazzy/share/sensor_msgs/cmake)
[0.424s] -- Found nav_msgs: 5.3.6 (/opt/ros/jazzy/share/nav_msgs/cmake)
[0.442s] -- Found tf2: 0.36.11 (/opt/ros/jazzy/share/tf2/cmake)
[0.446s] -- Found tf2_ros: 0.36.12 (/opt/ros/jazzy/share/tf2_ros/cmake)
[0.526s] -- Found tf2_geometry_msgs: 0.36.12 (/opt/ros/jazzy/share/tf2_geometry_msgs/cmake)
[0.530s] -- Found eigen3_cmake_module: 0.3.0 (/opt/ros/jazzy/share/eigen3_cmake_module/cmake)
[0.532s] -- Ensuring Eigen3 include directory is part of orocos-kdl CMake target
[0.537s] -- Found ament_lint_auto: 0.17.2 (/opt/ros/jazzy/share/ament_lint_auto/cmake)
[0.596s] -- Added test 'copyright' to check source files copyright and LICENSE
[0.597s] -- Added test 'cppcheck' to perform static code analysis on C / C++ code
[0.597s] -- Configured cppcheck include dirs: 
[0.597s] -- Configured cppcheck exclude dirs and/or files: 
[0.598s] -- Added test 'cpplint' to check C / C++ code against the Google style
[0.598s] -- Configured cpplint exclude dirs and/or files: 
[0.599s] -- Added test 'flake8' to check Python code syntax and style conventions
[0.599s] -- Configured 'flake8' exclude dirs and/or files: 
[0.599s] -- Added test 'lint_cmake' to check CMake code style
[0.600s] -- Added test 'pep257' to check Python code against some of the docstring style conventions in PEP 257
[0.601s] -- Added test 'uncrustify' to check C / C++ code style
[0.601s] -- Configured uncrustify additional arguments: 
[0.601s] -- Added test 'xmllint' to check XML markup files
[0.602s] -- Configuring done (0.6s)
[0.617s] -- Generating done (0.0s)
[0.622s] -- Build files have been written to: /home/yalcinolgac/mobile_robot_ws/build/mobile_robot
[0.644s] [ 12%] [32mBuilding CXX object CMakeFiles/tray_joint_relay.dir/src/tray_joint_relay.cpp.o[0m
[0.647s] [ 37%] Built target teleop_keyboard
[0.648s] [ 62%] Built target mobile_robot_controller
[0.648s] [ 87%] Built target tray_controller
[4.702s] [100%] [32m[1mLinking CXX executable tray_joint_relay[0m
[4.840s] [100%] Built target tray_joint_relay
[4.847s] Invoked command in '/home/yalcinolgac/mobile_robot_ws/build/mobile_robot' returned '0': CMAKE_PREFIX_PATH=${CMAKE_PREFIX_PATH}:/opt/ros/jazzy DEBUGINFOD_URLS=https://debuginfod.ubuntu.com /usr/bin/cmake --build /home/yalcinolgac/mobile_robot_ws/build/mobile_robot -- -j32 -l32
[4.852s] Invoking command in '/home/yalcinolgac/mobile_robot_ws/build/mobile_robot': CMAKE_PREFIX_PATH=${CMAKE_PREFIX_PATH}:/opt/ros/jazzy DEBUGINFOD_URLS=https://debuginfod.ubuntu.com /usr/bin/cmake --install /home/yalcinolgac/mobile_robot_ws/build/mobile_robot
[4.856s] -- Install configuration: ""
[4.856s] -- Up-to-date: /home/yalcinolgac/mobile_robot_ws/install/mobile_robot/lib/mobile_robot/mobile_robot_controller
[4.857s] -- Up-to-date: /home/yalcinolgac/mobile_robot_ws/install/mobile_robot/lib/mobile_robot/teleop_keyboard
[4.857s] -- Up-to-date: /home/yalcinolgac/mobile_robot_ws/install/mobile_robot/lib/mobile_robot/tray_controller
[4.857s] -- Installing: /home/yalcinolgac/mobile_robot_ws/install/mobile_robot/lib/mobile_robot/tray_joint_relay
[4.859s] -- Set non-toolchain portion of runtime path of "/home/yalcinolgac/mobile_robot_ws/install/mobile_robot/lib/mobile_robot/tray_joint_relay" to ""
[4.859s] -- Up-to-date: /home/yalcinolgac/mobile_robot_ws/install/mobile_robot/share/mobile_robot//config
[4.859s] -- Up-to-date: /home/yalcinolgac/mobile_robot_ws/install/mobile_robot/share/mobile_robot//config/joint_names_mobile_robot.yaml
[4.859s] -- Up-to-date: /home/yalcinolgac/mobile_robot_ws/install/mobile_robot/share/mobile_robot//config/mobile_robot.rviz
[4.859s] -- Up-to-date: /home/yalcinolgac/mobile_robot_ws/install/mobile_robot/share/mobile_robot//launch
[4.859s] -- Up-to-date: /home/yalcinolgac/mobile_robot_ws/install/mobile_robot/share/mobile_robot//launch/gazebo.launch
[4.859s] -- Up-to-date: /home/yalcinolgac/mobile_robot_ws/install/mobile_robot/share/mobile_robot//launch/gazebo.launch.py
[4.859s] -- Up-to-date: /home/yalcinolgac/mobile_robot_ws/install/mobile_robot/share/mobile_robot//launch/display.launch.py
[4.860s] -- Installing: /home/yalcinolgac/mobile_robot_ws/install/mobile_robot/share/mobile_robot//launch/manual_control.launch.py
[4.860s] -- Up-to-date: /home/yalcinolgac/mobile_robot_ws/install/mobile_robot/share/mobile_robot//launch/display.launch
[4.860s] -- Up-to-date: /home/yalcinolgac/mobile_robot_ws/install/mobile_robot/share/mobile_robot//meshes
[4.860s] -- Up-to-date: /home/yalcinolgac/mobile_robot_ws/install/mobile_robot/share/mobile_robot//meshes/outerBodyLink.STL
[4.860s] -- Up-to-date: /home/yalcinolgac/mobile_robot_ws/install/mobile_robot/share/mobile_robot//meshes/palet.STL
[4.860s] -- Up-to-date: /home/yalcinolgac/mobile_robot_ws/install/mobile_robot/share/mobile_robot//meshes/leftWheeltLink.STL
[4.860s] -- Up-to-date: /home/yalcinolgac/mobile_robot_ws/install/mobile_robot/share/mobile_robot//meshes/trayLink.STL
[4.860s] -- Up-to-date: /home/yalcinolgac/mobile_robot_ws/install/mobile_robot/share/mobile_robot//meshes/aktarici.STL
[4.860s] -- Up-to-date: /home/yalcinolgac/mobile_robot_ws/install/mobile_robot/share/mobile_robot//meshes/base_link.STL
[4.860s] -- Up-to-date: /home/yalcinolgac/mobile_robot_ws/install/mobile_robot/share/mobile_robot//meshes/backCasterLink.STL
[4.860s] -- Up-to-date: /home/yalcinolgac/mobile_robot_ws/install/mobile_robot/share/mobile_robot//meshes/rightWheelLink.STL
[4.860s] -- Up-to-date: /home/yalcinolgac/mobile_robot_ws/install/mobile_robot/share/mobile_robot//meshes/frontCasterLink.STL
[4.860s] -- Up-to-date: /home/yalcinolgac/mobile_robot_ws/install/mobile_robot/share/mobile_robot//urdf
[4.860s] -- Installing: /home/yalcinolgac/mobile_robot_ws/install/mobile_robot/share/mobile_robot//urdf/mobile_robot.urdf
[4.860s] -- Up-to-date: /home/yalcinolgac/mobile_robot_ws/install/mobile_robot/share/mobile_robot//urdf/mobile_robot.sdf
[4.860s] -- Up-to-date: /home/yalcinolgac/mobile_robot_ws/install/mobile_robot/share/mobile_robot//urdf/mobile_robot.csv
[4.861s] -- Up-to-date: /home/yalcinolgac/mobile_robot_ws/install/mobile_robot/share/ament_index/resource_index/package_run_dependencies/mobile_robot
[4.861s] -- Installing: /home/yalcinolgac/mobile_robot_ws/install/mobile_robot/share/ament_index/resource_index/parent_prefix_path/mobile_robot
[4.861s] -- Up-to-date: /home/yalcinolgac/mobile_robot_ws/install/mobile_robot/share/mobile_robot/environment/ament_prefix_path.sh
[4.861s] -- Up-to-date: /home/yalcinolgac/mobile_robot_ws/install/mobile_robot/share/mobile_robot/environment/ament_prefix_path.dsv
[4.861s] -- Up-to-date: /home/yalcinolgac/mobile_robot_ws/install/mobile_robot/share/mobile_robot/environment/path.sh
[4.861s] -- Up-to-date: /home/yalcinolgac/mobile_robot_ws/install/mobile_robot/share/mobile_robot/environment/path.dsv
[4.861s] -- Up-to-date: /home/yalcinolgac/mobile_robot_ws/install/mobile_robot/share/mobile_robot/local_setup.bash
[4.861s] -- Up-to-date: /home/yalcinolgac/mobile_robot_ws/install/mobile_robot/share/mobile_robot/local_setup.sh
[4.861s] -- Up-to-date: /home/yalcinolgac/mobile_robot_ws/install/mobile_robot/share/mobile_robot/local_setup.zsh
[4.861s] -- Up-to-date: /home/yalcinolgac/mobile_robot_ws/install/mobile_robot/share/mobile_robot/local_setup.dsv
[4.862s] -- Installing: /home/yalcinolgac/mobile_robot_ws/install/mobile_robot/share/mobile_robot/package.dsv
[4.862s] -- Up-to-date: /home/yalcinolgac/mobile_robot_ws/install/mobile_robot/share/ament_index/resource_index/packages/mobile_robot
[4.862s] -- Up-to-date: /home/yalcinolgac/mobile_robot_ws/install/mobile_robot/share/mobile_robot/cmake/mobile_robotConfig.cmake
[4.862s] -- Up-to-date: /home/yalcinolgac/mobile_robot_ws/install/mobile_robot/share/mobile_robot/cmake/mobile_robotConfig-version.cmake
[4.862s] -- Up-to-date: /home/yalcinolgac/mobile_robot_ws/install/mobile_robot/share/mobile_robot/package.xml
[4.863s] Invoked command in '/home/yalcinolgac/mobile_robot_ws/build/mobile_robot' returned '0': CMAKE_PREFIX_PATH=${CMAKE_PREFIX_PATH}:/opt/ros/jazzy DEBUGINFOD_URLS=https://debuginfod.ubuntu.com /usr/bin/cmake --install /home/yalcinolgac/mobile_robot_ws/build/mobile_robot
